<?xml version="1.0" encoding="UTF-8"?>
<robot generator="Robot 4.0.1 (Python 3.9.4 on win32)" generated="20210506 11:35:11.322" rpa="false" schemaversion="2">
<suite id="s1" name="CPMS" source="D:\pythonProject\tests\CPMS.robot">
<test id="s1-t1" name="Test case 1: login to CPMS">
<kw name="Open Browser" library="SeleniumLibrary">
<arg>http://supplypartnermanagement-ps101.tmi.telus.com/cpms/loginShow.do?selectedLanguage=en</arg>
<arg>ff</arg>
<doc>Opens a new browser instance to the optional ``url``.</doc>
<msg timestamp="20210506 11:35:11.497" level="INFO">Opening browser 'ff' to base url 'http://supplypartnermanagement-ps101.tmi.telus.com/cpms/loginShow.do?selectedLanguage=en'.</msg>
<msg timestamp="20210506 11:35:11.497" level="INFO">Firefox driver log is always forced to to: D:\pythonProject\geckodriver-16.log</msg>
<status status="PASS" starttime="20210506 11:35:11.497" endtime="20210506 11:35:32.828"/>
</kw>
<kw name="Wait Until Page Contains" library="SeleniumLibrary">
<arg>Log in</arg>
<doc>Waits until ``text`` appears on the current page.</doc>
<status status="PASS" starttime="20210506 11:35:32.828" endtime="20210506 11:35:32.843"/>
</kw>
<kw name="Input Text" library="SeleniumLibrary">
<arg>id=username</arg>
<arg>x222472</arg>
<doc>Types the given ``text`` into the text field identified by ``locator``.</doc>
<msg timestamp="20210506 11:35:32.844" level="INFO">Typing text 'x222472' into text field 'id=username'.</msg>
<status status="PASS" starttime="20210506 11:35:32.844" endtime="20210506 11:35:32.862"/>
</kw>
<kw name="Input Text" library="SeleniumLibrary">
<arg>id=password</arg>
<arg>Passw0rd</arg>
<doc>Types the given ``text`` into the text field identified by ``locator``.</doc>
<msg timestamp="20210506 11:35:32.862" level="INFO">Typing text 'Passw0rd' into text field 'id=password'.</msg>
<status status="PASS" starttime="20210506 11:35:32.862" endtime="20210506 11:35:32.893"/>
</kw>
<kw name="Click Button" library="SeleniumLibrary">
<arg>css=.button</arg>
<doc>Clicks the button identified by ``locator``.</doc>
<msg timestamp="20210506 11:35:32.893" level="INFO">Clicking button 'css=.button'.</msg>
<status status="PASS" starttime="20210506 11:35:32.893" endtime="20210506 11:35:34.581"/>
</kw>
<kw name="Wait Until Page Contains" library="SeleniumLibrary">
<arg>channel partner management system</arg>
<doc>Waits until ``text`` appears on the current page.</doc>
<status status="PASS" starttime="20210506 11:35:34.581" endtime="20210506 11:35:38.817"/>
</kw>
<kw name="Sleep" library="BuiltIn">
<arg>3s</arg>
<doc>Pauses the test executed for the given time.</doc>
<msg timestamp="20210506 11:35:41.819" level="INFO">Slept 3 seconds</msg>
<status status="PASS" starttime="20210506 11:35:38.818" endtime="20210506 11:35:41.819"/>
</kw>
<kw name="Input Text" library="SeleniumLibrary">
<arg>css=table.bgtbllgreen:nth-child(2) &gt; tbody:nth-child(1) &gt; tr:nth-child(5) &gt; td:nth-child(2) &gt; input:nth-child(1)</arg>
<arg>04420</arg>
<arg>04420</arg>
<doc>Types the given ``text`` into the text field identified by ``locator``.</doc>
<msg timestamp="20210506 11:35:41.820" level="INFO">Typing text '04420' into text field 'css=table.bgtbllgreen:nth-child(2) &gt; tbody:nth-child(1) &gt; tr:nth-child(5) &gt; td:nth-child(2) &gt; input:nth-child(1)'.</msg>
<status status="PASS" starttime="20210506 11:35:41.820" endtime="20210506 11:35:41.832"/>
</kw>
<kw name="Click Button" library="SeleniumLibrary">
<arg>css=table.bgtbllgreen:nth-child(3) &gt; tbody:nth-child(1) &gt; tr:nth-child(6) &gt; td:nth-child(1) &gt; input:nth-child(2)</arg>
<doc>Clicks the button identified by ``locator``.</doc>
<msg timestamp="20210506 11:35:41.833" level="INFO">Clicking button 'css=table.bgtbllgreen:nth-child(3) &gt; tbody:nth-child(1) &gt; tr:nth-child(6) &gt; td:nth-child(1) &gt; input:nth-child(2)'.</msg>
<status status="PASS" starttime="20210506 11:35:41.833" endtime="20210506 11:35:42.841"/>
</kw>
<kw name="Sleep" library="BuiltIn">
<arg>3s</arg>
<doc>Pauses the test executed for the given time.</doc>
<msg timestamp="20210506 11:35:45.843" level="INFO">Slept 3 seconds</msg>
<status status="PASS" starttime="20210506 11:35:42.842" endtime="20210506 11:35:45.843"/>
</kw>
<kw name="Click Link" library="SeleniumLibrary">
<arg>css=body &gt; table:nth-child(3) &gt; tbody:nth-child(1) &gt; tr:nth-child(1) &gt; td:nth-child(1) &gt; table:nth-child(2) &gt; tbody:nth-child(1) &gt; tr:nth-child(26) &gt; td:nth-child(4) &gt; a:nth-child(1)</arg>
<doc>Clicks a link identified by ``locator``.</doc>
<msg timestamp="20210506 11:35:45.844" level="INFO">Clicking link 'css=body &gt; table:nth-child(3) &gt; tbody:nth-child(1) &gt; tr:nth-child(1) &gt; td:nth-child(1) &gt; table:nth-child(2) &gt; tbody:nth-child(1) &gt; tr:nth-child(26) &gt; td:nth-child(4) &gt; a:nth-child(1)'.</msg>
<status status="PASS" starttime="20210506 11:35:45.844" endtime="20210506 11:35:46.333"/>
</kw>
<kw name="Input Text" library="SeleniumLibrary">
<arg>css=table.bgtbllgreen &gt; tbody:nth-child(1) &gt; tr:nth-child(10) &gt; td:nth-child(2) &gt; input:nth-child(1)</arg>
<arg>bharat</arg>
<doc>Types the given ``text`` into the text field identified by ``locator``.</doc>
<msg timestamp="20210506 11:35:46.334" level="INFO">Typing text 'bharat' into text field 'css=table.bgtbllgreen &gt; tbody:nth-child(1) &gt; tr:nth-child(10) &gt; td:nth-child(2) &gt; input:nth-child(1)'.</msg>
<status status="PASS" starttime="20210506 11:35:46.334" endtime="20210506 11:35:46.359"/>
</kw>
<kw name="Input Text" library="SeleniumLibrary">
<arg>css=table.bgtbllgreen &gt; tbody:nth-child(1) &gt; tr:nth-child(10) &gt; td:nth-child(4) &gt; input:nth-child(1)</arg>
<arg>malviya</arg>
<doc>Types the given ``text`` into the text field identified by ``locator``.</doc>
<msg timestamp="20210506 11:35:46.359" level="INFO">Typing text 'malviya' into text field 'css=table.bgtbllgreen &gt; tbody:nth-child(1) &gt; tr:nth-child(10) &gt; td:nth-child(4) &gt; input:nth-child(1)'.</msg>
<status status="PASS" starttime="20210506 11:35:46.359" endtime="20210506 11:35:46.362"/>
</kw>
<kw name="Select From List By Index" library="SeleniumLibrary">
<arg>name=position</arg>
<arg>4</arg>
<doc>Selects options from selection list ``locator`` by ``indexes``.</doc>
<msg timestamp="20210506 11:35:46.362" level="INFO">Selecting options from selection list 'name=position' by index 4.</msg>
<status status="PASS" starttime="20210506 11:35:46.362" endtime="20210506 11:35:46.658"/>
</kw>
<kw name="Select From List By Value" library="SeleniumLibrary">
<arg>name=language</arg>
<arg>EN</arg>
<doc>Selects options from selection list ``locator`` by ``values``.</doc>
<msg timestamp="20210506 11:35:46.658" level="INFO">Selecting options from selection list 'name=language' by value EN.</msg>
<status status="PASS" starttime="20210506 11:35:46.658" endtime="20210506 11:35:46.895"/>
</kw>
<kw name="Click Button" library="SeleniumLibrary">
<arg>css=table.bgtbllgreen &gt; tbody:nth-child(1) &gt; tr:nth-child(18) &gt; td:nth-child(1) &gt; input:nth-child(2)</arg>
<doc>Clicks the button identified by ``locator``.</doc>
<msg timestamp="20210506 11:35:46.895" level="INFO">Clicking button 'css=table.bgtbllgreen &gt; tbody:nth-child(1) &gt; tr:nth-child(18) &gt; td:nth-child(1) &gt; input:nth-child(2)'.</msg>
<status status="PASS" starttime="20210506 11:35:46.895" endtime="20210506 11:35:47.558"/>
</kw>
<kw name="Click Link" library="SeleniumLibrary">
<arg>xpath=/html/body/table[2]/tbody/tr/td[3]/table[1]/tbody/tr[2]/td/table/tbody/tr[14]/td/table/tbody/tr/td[2]/table[1]/tbody/tr[2]/td/a</arg>
<doc>Clicks a link identified by ``locator``.</doc>
<msg timestamp="20210506 11:35:47.558" level="INFO">Clicking link 'xpath=/html/body/table[2]/tbody/tr/td[3]/table[1]/tbody/tr[2]/td/table/tbody/tr[14]/td/table/tbody/tr/td[2]/table[1]/tbody/tr[2]/td/a'.</msg>
<kw name="Capture Page Screenshot" library="SeleniumLibrary">
<doc>Takes a screenshot of the current page and embeds it into a log file.</doc>
<msg timestamp="20210506 11:35:47.627" level="INFO" html="true">&lt;/td&gt;&lt;/tr&gt;&lt;tr&gt;&lt;td colspan="3"&gt;&lt;a href="selenium-screenshot-12.png"&gt;&lt;img src="selenium-screenshot-12.png" width="800px"&gt;&lt;/a&gt;</msg>
<status status="PASS" starttime="20210506 11:35:47.574" endtime="20210506 11:35:47.627"/>
</kw>
<msg timestamp="20210506 11:35:47.627" level="FAIL">Link with locator 'xpath=/html/body/table[2]/tbody/tr/td[3]/table[1]/tbody/tr[2]/td/table/tbody/tr[14]/td/table/tbody/tr/td[2]/table[1]/tbody/tr[2]/td/a' not found.</msg>
<status status="FAIL" starttime="20210506 11:35:47.558" endtime="20210506 11:35:47.627"/>
</kw>
<kw name="Select From List By Value" library="SeleniumLibrary">
<arg>value=</arg>
<arg>6</arg>
<doc>Selects options from selection list ``locator`` by ``values``.</doc>
<status status="NOT RUN" starttime="20210506 11:35:47.627" endtime="20210506 11:35:47.627"/>
</kw>
<kw name="Click Button" library="SeleniumLibrary">
<arg>css=td.bodytext0:nth-child(2) &gt; input:nth-child(1)</arg>
<doc>Clicks the button identified by ``locator``.</doc>
<status status="NOT RUN" starttime="20210506 11:35:47.627" endtime="20210506 11:35:47.627"/>
</kw>
<kw name="Click Button" library="SeleniumLibrary">
<arg>css=table.bgtbllgreen:nth-child(2) &gt; tbody:nth-child(1) &gt; tr:nth-child(3) &gt; td:nth-child(1) &gt; input:nth-child(1)</arg>
<doc>Clicks the button identified by ``locator``.</doc>
<status status="NOT RUN" starttime="20210506 11:35:47.627" endtime="20210506 11:35:47.627"/>
</kw>
<kw name="Click Link" library="SeleniumLibrary">
<arg>css=tr.bgtblred:nth-child(2) &gt; td:nth-child(1) &gt; a:nth-child(1) &gt; u:nth-child(1)</arg>
<doc>Clicks a link identified by ``locator``.</doc>
<status status="NOT RUN" starttime="20210506 11:35:47.627" endtime="20210506 11:35:47.627"/>
</kw>
<kw name="Select From List By Value" library="SeleniumLibrary">
<arg>value=</arg>
<arg>PCS</arg>
<doc>Selects options from selection list ``locator`` by ``values``.</doc>
<status status="NOT RUN" starttime="20210506 11:35:47.627" endtime="20210506 11:35:47.627"/>
</kw>
<kw name="Click Button" library="SeleniumLibrary">
<arg>css=table.bgtbllgreen &gt; tbody:nth-child(1) &gt; tr:nth-child(7) &gt; td:nth-child(1) &gt; input:nth-child(2)</arg>
<doc>Clicks the button identified by ``locator``.</doc>
<status status="NOT RUN" starttime="20210506 11:35:47.627" endtime="20210506 11:35:47.627"/>
</kw>
<kw name="Click Link" library="SeleniumLibrary">
<arg>css=table.bgtbllgreen:nth-child(24) &gt; tbody:nth-child(1) &gt; tr:nth-child(2) &gt; td:nth-child(1) &gt; table:nth-child(1) &gt; tbody:nth-child(1) &gt; tr:nth-child(1) &gt; td:nth-child(1) &gt; table:nth-child(1) &gt; tbody:nth-child(1) &gt; tr:nth-child(1) &gt; td:nth-child(1) &gt; a:nth-child(1) &gt; u:nth-child(1)</arg>
<doc>Clicks a link identified by ``locator``.</doc>
<status status="NOT RUN" starttime="20210506 11:35:47.627" endtime="20210506 11:35:47.627"/>
</kw>
<kw name="Select From List By Value" library="SeleniumLibrary">
<arg>value=</arg>
<arg>Bus</arg>
<doc>Selects options from selection list ``locator`` by ``values``.</doc>
<status status="NOT RUN" starttime="20210506 11:35:47.627" endtime="20210506 11:35:47.627"/>
</kw>
<kw name="Select From List By Value" library="SeleniumLibrary">
<arg>value=</arg>
<arg>STAND</arg>
<doc>Selects options from selection list ``locator`` by ``values``.</doc>
<status status="NOT RUN" starttime="20210506 11:35:47.643" endtime="20210506 11:35:47.643"/>
</kw>
<kw name="Input Text" library="SeleniumLibrary">
<arg>css=tr.bodytext0:nth-child(4) &gt; td:nth-child(2) &gt; input:nth-child(1)</arg>
<arg>710</arg>
<doc>Types the given ``text`` into the text field identified by ``locator``.</doc>
<status status="NOT RUN" starttime="20210506 11:35:47.643" endtime="20210506 11:35:47.643"/>
</kw>
<kw name="Input Text" library="SeleniumLibrary">
<arg>css=tr.bodytext0:nth-child(5) &gt; td:nth-child(4) &gt; input:nth-child(1)</arg>
<arg>GRANVILLE ST GT</arg>
<doc>Types the given ``text`` into the text field identified by ``locator``.</doc>
<status status="NOT RUN" starttime="20210506 11:35:47.643" endtime="20210506 11:35:47.643"/>
</kw>
<kw name="Select From List By Value" library="SeleniumLibrary">
<arg>value=</arg>
<arg>*</arg>
<doc>Selects options from selection list ``locator`` by ``values``.</doc>
<status status="NOT RUN" starttime="20210506 11:35:47.643" endtime="20210506 11:35:47.643"/>
</kw>
<kw name="Select From List By Value" library="SeleniumLibrary">
<arg>value=</arg>
<arg>AB</arg>
<doc>Selects options from selection list ``locator`` by ``values``.</doc>
<status status="NOT RUN" starttime="20210506 11:35:47.643" endtime="20210506 11:35:47.643"/>
</kw>
<kw name="Select From List By Value" library="SeleniumLibrary">
<arg>value=</arg>
<arg>CA</arg>
<doc>Selects options from selection list ``locator`` by ``values``.</doc>
<status status="NOT RUN" starttime="20210506 11:35:47.643" endtime="20210506 11:35:47.643"/>
</kw>
<kw name="Input Text" library="SeleniumLibrary">
<arg>css=tr.bodytext0:nth-child(10) &gt; td:nth-child(4) &gt; input:nth-child(1)</arg>
<arg>V6C1W6</arg>
<doc>Types the given ``text`` into the text field identified by ``locator``.</doc>
<status status="NOT RUN" starttime="20210506 11:35:47.643" endtime="20210506 11:35:47.643"/>
</kw>
<kw name="Click Link" library="SeleniumLibrary">
<arg>css=table.bgtbllgreen:nth-child(24) &gt; tbody:nth-child(1) &gt; tr:nth-child(2) &gt; td:nth-child(2) &gt; table:nth-child(1) &gt; tbody:nth-child(1) &gt; tr:nth-child(1) &gt; td:nth-child(1) &gt; table:nth-child(1) &gt; tbody:nth-child(1) &gt; tr:nth-child(2) &gt; td:nth-child(1) &gt; a:nth-child(1) &gt; u:nth-child(1)</arg>
<doc>Clicks a link identified by ``locator``.</doc>
<status status="NOT RUN" starttime="20210506 11:35:47.643" endtime="20210506 11:35:47.643"/>
</kw>
<kw name="Select From List By Value" library="SeleniumLibrary">
<arg>value=</arg>
<arg>Bus</arg>
<doc>Selects options from selection list ``locator`` by ``values``.</doc>
<status status="NOT RUN" starttime="20210506 11:35:47.643" endtime="20210506 11:35:47.643"/>
</kw>
<kw name="Select From List By Value" library="SeleniumLibrary">
<arg>value=</arg>
<arg>CELLULAR</arg>
<doc>Selects options from selection list ``locator`` by ``values``.</doc>
<status status="NOT RUN" starttime="20210506 11:35:47.643" endtime="20210506 11:35:47.643"/>
</kw>
<kw name="Input Text" library="SeleniumLibrary">
<arg>css=table.bgtbllgreen &gt; tbody:nth-child(1) &gt; tr:nth-child(5) &gt; td:nth-child(2) &gt; input:nth-child(1)</arg>
<arg>437</arg>
<doc>Types the given ``text`` into the text field identified by ``locator``.</doc>
<status status="NOT RUN" starttime="20210506 11:35:47.643" endtime="20210506 11:35:47.643"/>
</kw>
<kw name="Input Text" library="SeleniumLibrary">
<arg>css=table.bgtbllgreen &gt; tbody:nth-child(1) &gt; tr:nth-child(5) &gt; td:nth-child(2) &gt; input:nth-child(2)</arg>
<arg>344</arg>
<doc>Types the given ``text`` into the text field identified by ``locator``.</doc>
<status status="NOT RUN" starttime="20210506 11:35:47.643" endtime="20210506 11:35:47.643"/>
</kw>
<kw name="Input Text" library="SeleniumLibrary">
<arg>css=table.bgtbllgreen &gt; tbody:nth-child(1) &gt; tr:nth-child(5) &gt; td:nth-child(2) &gt; input:nth-child(3)</arg>
<arg>6535</arg>
<doc>Types the given ``text`` into the text field identified by ``locator``.</doc>
<status status="NOT RUN" starttime="20210506 11:35:47.643" endtime="20210506 11:35:47.643"/>
</kw>
<kw name="Click Button" library="SeleniumLibrary">
<arg>css=table.bgtbllgreen &gt; tbody:nth-child(1) &gt; tr:nth-child(8) &gt; td:nth-child(1) &gt; input:nth-child(2)</arg>
<doc>Clicks the button identified by ``locator``.</doc>
<status status="NOT RUN" starttime="20210506 11:35:47.643" endtime="20210506 11:35:47.643"/>
</kw>
<kw name="Click Link" library="SeleniumLibrary">
<arg>css=table.bgtbllgreen:nth-child(24) &gt; tbody:nth-child(1) &gt; tr:nth-child(4) &gt; td:nth-child(1) &gt; table:nth-child(1) &gt; tbody:nth-child(1) &gt; tr:nth-child(1) &gt; td:nth-child(1) &gt; table:nth-child(1) &gt; tbody:nth-child(1) &gt; tr:nth-child(2) &gt; td:nth-child(1) &gt; a:nth-child(1) &gt; u:nth-child(1)</arg>
<doc>Clicks a link identified by ``locator``.</doc>
<status status="NOT RUN" starttime="20210506 11:35:47.643" endtime="20210506 11:35:47.643"/>
</kw>
<kw name="Select From List By Value" library="SeleniumLibrary">
<arg>value=</arg>
<arg>Bus</arg>
<doc>Selects options from selection list ``locator`` by ``values``.</doc>
<status status="NOT RUN" starttime="20210506 11:35:47.643" endtime="20210506 11:35:47.643"/>
</kw>
<kw name="Select From List By Value" library="SeleniumLibrary">
<arg>value=</arg>
<arg>EML</arg>
<doc>Selects options from selection list ``locator`` by ``values``.</doc>
<status status="NOT RUN" starttime="20210506 11:35:47.643" endtime="20210506 11:35:47.643"/>
</kw>
<kw name="Input Text" library="SeleniumLibrary">
<arg>css=table.bgtbllgreen &gt; tbody:nth-child(1) &gt; tr:nth-child(5) &gt; td:nth-child(2) &gt; input:nth-child(1)</arg>
<arg>bharat_gaurav.malviya@telus.com</arg>
<doc>Types the given ``text`` into the text field identified by ``locator``.</doc>
<status status="NOT RUN" starttime="20210506 11:35:47.643" endtime="20210506 11:35:47.643"/>
</kw>
<kw name="Click Button" library="SeleniumLibrary">
<arg>css=table.bgtbllgreen &gt; tbody:nth-child(1) &gt; tr:nth-child(7) &gt; td:nth-child(1) &gt; input:nth-child(2)</arg>
<doc>Clicks the button identified by ``locator``.</doc>
<status status="NOT RUN" starttime="20210506 11:35:47.643" endtime="20210506 11:35:47.643"/>
</kw>
<doc>This will test login functionality to CPMS</doc>
<tag>smoke</tag>
<status status="FAIL" starttime="20210506 11:35:11.497" endtime="20210506 11:35:47.643">Link with locator 'xpath=/html/body/table[2]/tbody/tr/td[3]/table[1]/tbody/tr[2]/td/table/tbody/tr[14]/td/table/tbody/tr/td[2]/table[1]/tbody/tr[2]/td/a' not found.</status>
</test>
<doc>This will test CPMS functionalities</doc>
<status status="FAIL" starttime="20210506 11:35:11.322" endtime="20210506 11:35:47.643"/>
</suite>
<statistics>
<total>
<stat pass="0" fail="1" skip="0">All Tests</stat>
</total>
<tag>
<stat pass="0" fail="1" skip="0">smoke</stat>
</tag>
<suite>
<stat pass="0" fail="1" skip="0" id="s1" name="CPMS">CPMS</stat>
</suite>
</statistics>
<errors>
</errors>
</robot>
